<?xml version="1.0" encoding="UTF-8"?>
<testng-results skipped="0" failed="0" ignored="0" total="1" passed="1">
  <reporter-output>
  </reporter-output>
  <suite name="Default suite" duration-ms="7184" started-at="2018-06-25T06:09:48Z" finished-at="2018-06-25T06:09:55Z">
    <groups>
    </groups>
    <test name="Default test" duration-ms="7184" started-at="2018-06-25T06:09:48Z" finished-at="2018-06-25T06:09:55Z">
      <class name="com.myPracTest.abcTest.myTests">
        <test-method status="PASS" signature="firsttestcase()[pri:0, instance:com.myPracTest.abcTest.myTests@548a9f61]" name="firsttestcase" duration-ms="7123" started-at="2018-06-24T23:09:48Z" finished-at="2018-06-24T23:09:55Z">
          <reporter-output>
          </reporter-output>
        </test-method> <!-- firsttestcase -->
      </class> <!-- com.myPracTest.abcTest.myTests -->
    </test> <!-- Default test -->
  </suite> <!-- Default suite -->
</testng-results>
